# JRE version: OpenJDK Runtime Environment (8.0_242-b01) (build 1.8.0_242-release-1644-b01)
# Java VM: OpenJDK 64-Bit Server VM (25.242-b01 mixed mode windows-amd64 compressed oops)
Heap:
 PSYoungGen      total 251904K, used 40960K [0x00000000d5580000, 0x00000000ed700000, 0x0000000100000000)
  eden space 229888K, 16% used [0x00000000d5580000,0x00000000d7b87e40,0x00000000e3600000)
  from space 22016K, 9% used [0x00000000e3600000,0x00000000e37f82a8,0x00000000e4b80000)
  to   space 46592K, 0% used [0x00000000ea980000,0x00000000ea980000,0x00000000ed700000)
 ParOldGen       total 214528K, used 104169K [0x0000000080000000, 0x000000008d180000, 0x00000000d5580000)
  object space 214528K, 48% used [0x0000000080000000,0x00000000865ba6f8,0x000000008d180000)
 Metaspace       used 67548K, capacity 70452K, committed 71080K, reserved 1110016K
  class space    used 9355K, capacity 9973K, committed 10160K, reserved 1048576K
GC Heap History (10 events):
Event: 17.248 GC heap before
{Heap before GC invocations=13 (full 2):
 PSYoungGen      total 187904K, used 157732K [0x00000000d5580000, 0x00000000e2100000, 0x0000000100000000)
  eden space 174592K, 82% used [0x00000000d5580000,0x00000000de289788,0x00000000e0000000)
  from space 13312K, 99% used [0x00000000e1400000,0x00000000e20ffc58,0x00000000e2100000)
  to   space 15360K, 0% used [0x00000000e0300000,0x00000000e0300000,0x00000000e1200000)
 ParOldGen       total 70656K, used 20117K [0x0000000080000000, 0x0000000084500000, 0x00000000d5580000)
  object space 70656K, 28% used [0x0000000080000000,0x00000000813a5448,0x0000000084500000)
 Metaspace       used 57105K, capacity 59106K, committed 59160K, reserved 1099776K
  class space    used 7843K, capacity 8320K, committed 8368K, reserved 1048576K
Event: 17.315 GC heap after
Heap after GC invocations=13 (full 2):
 PSYoungGen      total 193024K, used 15329K [0x00000000d5580000, 0x00000000e6680000, 0x0000000100000000)
  eden space 177664K, 0% used [0x00000000d5580000,0x00000000d5580000,0x00000000e0300000)
  from space 15360K, 99% used [0x00000000e0300000,0x00000000e11f8520,0x00000000e1200000)
  to   space 20992K, 0% used [0x00000000e5200000,0x00000000e5200000,0x00000000e6680000)
 ParOldGen       total 70656K, used 28936K [0x0000000080000000, 0x0000000084500000, 0x00000000d5580000)
  object space 70656K, 40% used [0x0000000080000000,0x0000000081c42020,0x0000000084500000)
 Metaspace       used 57105K, capacity 59106K, committed 59160K, reserved 1099776K
  class space    used 7843K, capacity 8320K, committed 8368K, reserved 1048576K
}
Event: 17.315 GC heap before
{Heap before GC invocations=14 (full 3):
 PSYoungGen      total 193024K, used 15329K [0x00000000d5580000, 0x00000000e6680000, 0x0000000100000000)
  eden space 177664K, 0% used [0x00000000d5580000,0x00000000d5580000,0x00000000e0300000)
  from space 15360K, 99% used [0x00000000e0300000,0x00000000e11f8520,0x00000000e1200000)
  to   space 20992K, 0% used [0x00000000e5200000,0x00000000e5200000,0x00000000e6680000)
 ParOldGen       total 70656K, used 28936K [0x0000000080000000, 0x0000000084500000, 0x00000000d5580000)
  object space 70656K, 40% used [0x0000000080000000,0x0000000081c42020,0x0000000084500000)
 Metaspace       used 57105K, capacity 59106K, committed 59160K, reserved 1099776K
  class space    used 7843K, capacity 8320K, committed 8368K, reserved 1048576K
Event: 17.673 GC heap after
Heap after GC invocations=14 (full 3):
 PSYoungGen      total 193024K, used 0K [0x00000000d5580000, 0x00000000e6680000, 0x0000000100000000)
  eden space 177664K, 0% used [0x00000000d5580000,0x00000000d5580000,0x00000000e0300000)
  from space 15360K, 0% used [0x00000000e0300000,0x00000000e0300000,0x00000000e1200000)
  to   space 20992K, 0% used [0x00000000e5200000,0x00000000e5200000,0x00000000e6680000)
 ParOldGen       total 104448K, used 36120K [0x0000000080000000, 0x0000000086600000, 0x00000000d5580000)
  object space 104448K, 34% used [0x0000000080000000,0x0000000082346318,0x0000000086600000)
 Metaspace       used 57092K, capacity 59064K, committed 59160K, reserved 1099776K
  class space    used 7839K, capacity 8313K, committed 8368K, reserved 1048576K
}
Event: 22.278 GC heap before
{Heap before GC invocations=15 (full 3):
 PSYoungGen      total 193024K, used 177664K [0x00000000d5580000, 0x00000000e6680000, 0x0000000100000000)
  eden space 177664K, 100% used [0x00000000d5580000,0x00000000e0300000,0x00000000e0300000)
  from space 15360K, 0% used [0x00000000e0300000,0x00000000e0300000,0x00000000e1200000)
  to   space 20992K, 0% used [0x00000000e5200000,0x00000000e5200000,0x00000000e6680000)
 ParOldGen       total 104448K, used 36120K [0x0000000080000000, 0x0000000086600000, 0x00000000d5580000)
  object space 104448K, 34% used [0x0000000080000000,0x0000000082346318,0x0000000086600000)
 Metaspace       used 61623K, capacity 64394K, committed 64680K, reserved 1105920K
  class space    used 8477K, capacity 9042K, committed 9136K, reserved 1048576K
Event: 22.313 GC heap after
Heap after GC invocations=15 (full 3):
 PSYoungGen      total 244736K, used 15206K [0x00000000d5580000, 0x00000000e6100000, 0x0000000100000000)
  eden space 229376K, 0% used [0x00000000d5580000,0x00000000d5580000,0x00000000e3580000)
  from space 15360K, 99% used [0x00000000e5200000,0x00000000e60d9b70,0x00000000e6100000)
  to   space 22016K, 0% used [0x00000000e3600000,0x00000000e3600000,0x00000000e4b80000)
 ParOldGen       total 104448K, used 36128K [0x0000000080000000, 0x0000000086600000, 0x00000000d5580000)
  object space 104448K, 34% used [0x0000000080000000,0x0000000082348318,0x0000000086600000)
 Metaspace       used 61623K, capacity 64394K, committed 64680K, reserved 1105920K
  class space    used 8477K, capacity 9042K, committed 9136K, reserved 1048576K
}
Event: 27.989 GC heap before
{Heap before GC invocations=16 (full 3):
 PSYoungGen      total 244736K, used 244582K [0x00000000d5580000, 0x00000000e6100000, 0x0000000100000000)
  eden space 229376K, 100% used [0x00000000d5580000,0x00000000e3580000,0x00000000e3580000)
  from space 15360K, 99% used [0x00000000e5200000,0x00000000e60d9b70,0x00000000e6100000)
  to   space 22016K, 0% used [0x00000000e3600000,0x00000000e3600000,0x00000000e4b80000)
 ParOldGen       total 104448K, used 36128K [0x0000000080000000, 0x0000000086600000, 0x00000000d5580000)
  object space 104448K, 34% used [0x0000000080000000,0x0000000082348318,0x0000000086600000)
 Metaspace       used 67672K, capacity 70820K, committed 71080K, reserved 1110016K
  class space    used 9395K, capacity 10043K, committed 10160K, reserved 1048576K
Event: 28.321 GC heap after
Heap after GC invocations=16 (full 3):
 PSYoungGen      total 251904K, used 21987K [0x00000000d5580000, 0x00000000ed700000, 0x0000000100000000)
  eden space 229888K, 0% used [0x00000000d5580000,0x00000000d5580000,0x00000000e3600000)
  from space 22016K, 99% used [0x00000000e3600000,0x00000000e4b78cd0,0x00000000e4b80000)
  to   space 46592K, 0% used [0x00000000ea980000,0x00000000ea980000,0x00000000ed700000)
 ParOldGen       total 104448K, used 93788K [0x0000000080000000, 0x0000000086600000, 0x00000000d5580000)
  object space 104448K, 89% used [0x0000000080000000,0x0000000085b97278,0x0000000086600000)
 Metaspace       used 67672K, capacity 70820K, committed 71080K, reserved 1110016K
  class space    used 9395K, capacity 10043K, committed 10160K, reserved 1048576K
}
Event: 28.321 GC heap before
{Heap before GC invocations=17 (full 4):
 PSYoungGen      total 251904K, used 21987K [0x00000000d5580000, 0x00000000ed700000, 0x0000000100000000)
  eden space 229888K, 0% used [0x00000000d5580000,0x00000000d5580000,0x00000000e3600000)
  from space 22016K, 99% used [0x00000000e3600000,0x00000000e4b78cd0,0x00000000e4b80000)
  to   space 46592K, 0% used [0x00000000ea980000,0x00000000ea980000,0x00000000ed700000)
 ParOldGen       total 104448K, used 93788K [0x0000000080000000, 0x0000000086600000, 0x00000000d5580000)
  object space 104448K, 89% used [0x0000000080000000,0x0000000085b97278,0x0000000086600000)
 Metaspace       used 67672K, capacity 70820K, committed 71080K, reserved 1110016K
  class space    used 9395K, capacity 10043K, committed 10160K, reserved 1048576K
Event: 29.570 GC heap after
Heap after GC invocations=17 (full 4):
 PSYoungGen      total 251904K, used 2016K [0x00000000d5580000, 0x00000000ed700000, 0x0000000100000000)
  eden space 229888K, 0% used [0x00000000d5580000,0x00000000d5580000,0x00000000e3600000)
  from space 22016K, 9% used [0x00000000e3600000,0x00000000e37f82a8,0x00000000e4b80000)
  to   space 46592K, 0% used [0x00000000ea980000,0x00000000ea980000,0x00000000ed700000)
 ParOldGen       total 214528K, used 104169K [0x0000000080000000, 0x000000008d180000, 0x00000000d5580000)
  object space 214528K, 48% used [0x0000000080000000,0x00000000865ba6f8,0x000000008d180000)
 Metaspace       used 67545K, capacity 70446K, committed 71080K, reserved 1110016K
  class space    used 9355K, capacity 9972K, committed 10160K, reserved 1048576K
}

