# JRE version: OpenJDK Runtime Environment (8.0_242-b01) (build 1.8.0_242-release-1644-b01)
# Java VM: OpenJDK 64-Bit Server VM (25.242-b01 mixed mode windows-amd64 compressed oops)
Heap:
 PSYoungGen      total 321024K, used 71998K [0x00000000d5580000, 0x00000000f1980000, 0x0000000100000000)
  eden space 290816K, 23% used [0x00000000d5580000,0x00000000d97d9e28,0x00000000e7180000)
  from space 30208K, 13% used [0x00000000e7180000,0x00000000e7575c80,0x00000000e8f00000)
  to   space 50176K, 0% used [0x00000000ee880000,0x00000000ee880000,0x00000000f1980000)
 ParOldGen       total 103424K, used 103384K [0x0000000080000000, 0x0000000086500000, 0x00000000d5580000)
  object space 103424K, 99% used [0x0000000080000000,0x00000000864f6088,0x0000000086500000)
 Metaspace       used 88381K, capacity 92678K, committed 93224K, reserved 1130496K
  class space    used 11873K, capacity 12730K, committed 12848K, reserved 1048576K
GC Heap History (10 events):
Event: 24.571 GC heap before
{Heap before GC invocations=15 (full 3):
 PSYoungGen      total 192512K, used 177152K [0x00000000d5580000, 0x00000000e6e00000, 0x0000000100000000)
  eden space 177152K, 100% used [0x00000000d5580000,0x00000000e0280000,0x00000000e0280000)
  from space 15360K, 0% used [0x00000000e0280000,0x00000000e0280000,0x00000000e1180000)
  to   space 20992K, 0% used [0x00000000e5980000,0x00000000e5980000,0x00000000e6e00000)
 ParOldGen       total 103424K, used 36520K [0x0000000080000000, 0x0000000086500000, 0x00000000d5580000)
  object space 103424K, 35% used [0x0000000080000000,0x00000000823aa3a0,0x0000000086500000)
 Metaspace       used 61606K, capacity 64390K, committed 64680K, reserved 1105920K
  class space    used 8476K, capacity 9042K, committed 9136K, reserved 1048576K
Event: 24.611 GC heap after
Heap after GC invocations=15 (full 3):
 PSYoungGen      total 246784K, used 15061K [0x00000000d5580000, 0x00000000e6880000, 0x0000000100000000)
  eden space 231424K, 0% used [0x00000000d5580000,0x00000000d5580000,0x00000000e3780000)
  from space 15360K, 98% used [0x00000000e5980000,0x00000000e68355d8,0x00000000e6880000)
  to   space 22016K, 0% used [0x00000000e3d80000,0x00000000e3d80000,0x00000000e5300000)
 ParOldGen       total 103424K, used 36528K [0x0000000080000000, 0x0000000086500000, 0x00000000d5580000)
  object space 103424K, 35% used [0x0000000080000000,0x00000000823ac3a0,0x0000000086500000)
 Metaspace       used 61606K, capacity 64390K, committed 64680K, reserved 1105920K
  class space    used 8476K, capacity 9042K, committed 9136K, reserved 1048576K
}
Event: 101.462 GC heap before
{Heap before GC invocations=16 (full 3):
 PSYoungGen      total 246784K, used 246485K [0x00000000d5580000, 0x00000000e6880000, 0x0000000100000000)
  eden space 231424K, 100% used [0x00000000d5580000,0x00000000e3780000,0x00000000e3780000)
  from space 15360K, 98% used [0x00000000e5980000,0x00000000e68355d8,0x00000000e6880000)
  to   space 22016K, 0% used [0x00000000e3d80000,0x00000000e3d80000,0x00000000e5300000)
 ParOldGen       total 103424K, used 36528K [0x0000000080000000, 0x0000000086500000, 0x00000000d5580000)
  object space 103424K, 35% used [0x0000000080000000,0x00000000823ac3a0,0x0000000086500000)
 Metaspace       used 72088K, capacity 75374K, committed 75432K, reserved 1114112K
  class space    used 9733K, capacity 10410K, committed 10416K, reserved 1048576K
Event: 101.530 GC heap after
Heap after GC invocations=16 (full 3):
 PSYoungGen      total 259584K, used 22007K [0x00000000d5580000, 0x00000000eaf80000, 0x0000000100000000)
  eden space 237568K, 0% used [0x00000000d5580000,0x00000000d5580000,0x00000000e3d80000)
  from space 22016K, 99% used [0x00000000e3d80000,0x00000000e52fdd88,0x00000000e5300000)
  to   space 30720K, 0% used [0x00000000e9180000,0x00000000e9180000,0x00000000eaf80000)
 ParOldGen       total 103424K, used 51264K [0x0000000080000000, 0x0000000086500000, 0x00000000d5580000)
  object space 103424K, 49% used [0x0000000080000000,0x0000000083210358,0x0000000086500000)
 Metaspace       used 72088K, capacity 75374K, committed 75432K, reserved 1114112K
  class space    used 9733K, capacity 10410K, committed 10416K, reserved 1048576K
}
Event: 264.865 GC heap before
{Heap before GC invocations=17 (full 3):
 PSYoungGen      total 259584K, used 259575K [0x00000000d5580000, 0x00000000eaf80000, 0x0000000100000000)
  eden space 237568K, 100% used [0x00000000d5580000,0x00000000e3d80000,0x00000000e3d80000)
  from space 22016K, 99% used [0x00000000e3d80000,0x00000000e52fdd88,0x00000000e5300000)
  to   space 30720K, 0% used [0x00000000e9180000,0x00000000e9180000,0x00000000eaf80000)
 ParOldGen       total 103424K, used 51264K [0x0000000080000000, 0x0000000086500000, 0x00000000d5580000)
  object space 103424K, 49% used [0x0000000080000000,0x0000000083210358,0x0000000086500000)
 Metaspace       used 79369K, capacity 82988K, committed 83240K, reserved 1122304K
  class space    used 10535K, capacity 11269K, committed 11312K, reserved 1048576K
Event: 264.941 GC heap after
Heap after GC invocations=17 (full 3):
 PSYoungGen      total 318464K, used 16914K [0x00000000d5580000, 0x00000000eac80000, 0x0000000100000000)
  eden space 290816K, 0% used [0x00000000d5580000,0x00000000d5580000,0x00000000e7180000)
  from space 27648K, 61% used [0x00000000e9180000,0x00000000ea204a10,0x00000000eac80000)
  to   space 30208K, 0% used [0x00000000e7180000,0x00000000e7180000,0x00000000e8f00000)
 ParOldGen       total 103424K, used 57324K [0x0000000080000000, 0x0000000086500000, 0x00000000d5580000)
  object space 103424K, 55% used [0x0000000080000000,0x00000000837fb3d8,0x0000000086500000)
 Metaspace       used 79369K, capacity 82988K, committed 83240K, reserved 1122304K
  class space    used 10535K, capacity 11269K, committed 11312K, reserved 1048576K
}
Event: 269.291 GC heap before
{Heap before GC invocations=18 (full 3):
 PSYoungGen      total 318464K, used 307730K [0x00000000d5580000, 0x00000000eac80000, 0x0000000100000000)
  eden space 290816K, 100% used [0x00000000d5580000,0x00000000e7180000,0x00000000e7180000)
  from space 27648K, 61% used [0x00000000e9180000,0x00000000ea204a10,0x00000000eac80000)
  to   space 30208K, 0% used [0x00000000e7180000,0x00000000e7180000,0x00000000e8f00000)
 ParOldGen       total 103424K, used 57324K [0x0000000080000000, 0x0000000086500000, 0x00000000d5580000)
  object space 103424K, 55% used [0x0000000080000000,0x00000000837fb3d8,0x0000000086500000)
 Metaspace       used 88416K, capacity 92982K, committed 93224K, reserved 1130496K
  class space    used 11923K, capacity 12820K, committed 12848K, reserved 1048576K
Event: 269.416 GC heap after
Heap after GC invocations=18 (full 3):
 PSYoungGen      total 321024K, used 30199K [0x00000000d5580000, 0x00000000f1980000, 0x0000000100000000)
  eden space 290816K, 0% used [0x00000000d5580000,0x00000000d5580000,0x00000000e7180000)
  from space 30208K, 99% used [0x00000000e7180000,0x00000000e8efdea0,0x00000000e8f00000)
  to   space 50176K, 0% used [0x00000000ee880000,0x00000000ee880000,0x00000000f1980000)
 ParOldGen       total 103424K, used 97521K [0x0000000080000000, 0x0000000086500000, 0x00000000d5580000)
  object space 103424K, 94% used [0x0000000080000000,0x0000000085f3c490,0x0000000086500000)
 Metaspace       used 88416K, capacity 92982K, committed 93224K, reserved 1130496K
  class space    used 11923K, capacity 12820K, committed 12848K, reserved 1048576K
}
Event: 269.416 GC heap before
{Heap before GC invocations=19 (full 4):
 PSYoungGen      total 321024K, used 30199K [0x00000000d5580000, 0x00000000f1980000, 0x0000000100000000)
  eden space 290816K, 0% used [0x00000000d5580000,0x00000000d5580000,0x00000000e7180000)
  from space 30208K, 99% used [0x00000000e7180000,0x00000000e8efdea0,0x00000000e8f00000)
  to   space 50176K, 0% used [0x00000000ee880000,0x00000000ee880000,0x00000000f1980000)
 ParOldGen       total 103424K, used 97521K [0x0000000080000000, 0x0000000086500000, 0x00000000d5580000)
  object space 103424K, 94% used [0x0000000080000000,0x0000000085f3c490,0x0000000086500000)
 Metaspace       used 88416K, capacity 92982K, committed 93224K, reserved 1130496K
  class space    used 11923K, capacity 12820K, committed 12848K, reserved 1048576K
Event: 270.176 GC heap after
Heap after GC invocations=19 (full 4):
 PSYoungGen      total 321024K, used 4055K [0x00000000d5580000, 0x00000000f1980000, 0x0000000100000000)
  eden space 290816K, 0% used [0x00000000d5580000,0x00000000d5580000,0x00000000e7180000)
  from space 30208K, 13% used [0x00000000e7180000,0x00000000e7575c80,0x00000000e8f00000)
  to   space 50176K, 0% used [0x00000000ee880000,0x00000000ee880000,0x00000000f1980000)
 ParOldGen       total 103424K, used 103384K [0x0000000080000000, 0x0000000086500000, 0x00000000d5580000)
  object space 103424K, 99% used [0x0000000080000000,0x00000000864f6088,0x0000000086500000)
 Metaspace       used 88262K, capacity 92536K, committed 93224K, reserved 1130496K
  class space    used 11872K, capacity 12729K, committed 12848K, reserved 1048576K
}

