# JRE version: OpenJDK Runtime Environment (8.0_242-b01) (build 1.8.0_242-release-1644-b01)
# Java VM: OpenJDK 64-Bit Server VM (25.242-b01 mixed mode windows-amd64 compressed oops)
Heap:
 PSYoungGen      total 328192K, used 37839K [0x00000000d5580000, 0x00000000f3c00000, 0x0000000100000000)
  eden space 292864K, 12% used [0x00000000d5580000,0x00000000d79f55a8,0x00000000e7380000)
  from space 35328K, 1% used [0x00000000e7380000,0x00000000e73fe820,0x00000000e9600000)
  to   space 60928K, 0% used [0x00000000f0080000,0x00000000f0080000,0x00000000f3c00000)
 ParOldGen       total 121344K, used 121074K [0x0000000080000000, 0x0000000087680000, 0x00000000d5580000)
  object space 121344K, 99% used [0x0000000080000000,0x000000008763ca48,0x0000000087680000)
 Metaspace       used 86992K, capacity 91026K, committed 91432K, reserved 1128448K
  class space    used 11678K, capacity 12522K, committed 12592K, reserved 1048576K
GC Heap History (10 events):
Event: 22.945 GC heap before
{Heap before GC invocations=15 (full 3):
 PSYoungGen      total 199168K, used 183808K [0x00000000d5580000, 0x00000000e7580000, 0x0000000100000000)
  eden space 183808K, 100% used [0x00000000d5580000,0x00000000e0900000,0x00000000e0900000)
  from space 15360K, 0% used [0x00000000e0900000,0x00000000e0900000,0x00000000e1800000)
  to   space 20992K, 0% used [0x00000000e6100000,0x00000000e6100000,0x00000000e7580000)
 ParOldGen       total 99840K, used 36173K [0x0000000080000000, 0x0000000086180000, 0x00000000d5580000)
  object space 99840K, 36% used [0x0000000080000000,0x0000000082353420,0x0000000086180000)
 Metaspace       used 61592K, capacity 64282K, committed 64424K, reserved 1103872K
  class space    used 8468K, capacity 9030K, committed 9136K, reserved 1048576K
Event: 22.997 GC heap after
Heap after GC invocations=15 (full 3):
 PSYoungGen      total 256000K, used 15504K [0x00000000d5580000, 0x00000000e7080000, 0x0000000100000000)
  eden space 240128K, 0% used [0x00000000d5580000,0x00000000d5580000,0x00000000e4000000)
  from space 15872K, 97% used [0x00000000e6100000,0x00000000e7024330,0x00000000e7080000)
  to   space 22016K, 0% used [0x00000000e4580000,0x00000000e4580000,0x00000000e5b00000)
 ParOldGen       total 99840K, used 36181K [0x0000000080000000, 0x0000000086180000, 0x00000000d5580000)
  object space 99840K, 36% used [0x0000000080000000,0x0000000082355420,0x0000000086180000)
 Metaspace       used 61592K, capacity 64282K, committed 64424K, reserved 1103872K
  class space    used 8468K, capacity 9030K, committed 9136K, reserved 1048576K
}
Event: 433.556 GC heap before
{Heap before GC invocations=16 (full 3):
 PSYoungGen      total 256000K, used 255632K [0x00000000d5580000, 0x00000000e7080000, 0x0000000100000000)
  eden space 240128K, 100% used [0x00000000d5580000,0x00000000e4000000,0x00000000e4000000)
  from space 15872K, 97% used [0x00000000e6100000,0x00000000e7024330,0x00000000e7080000)
  to   space 22016K, 0% used [0x00000000e4580000,0x00000000e4580000,0x00000000e5b00000)
 ParOldGen       total 99840K, used 36181K [0x0000000080000000, 0x0000000086180000, 0x00000000d5580000)
  object space 99840K, 36% used [0x0000000080000000,0x0000000082355420,0x0000000086180000)
 Metaspace       used 71074K, capacity 74170K, committed 74536K, reserved 1114112K
  class space    used 9537K, capacity 10164K, committed 10288K, reserved 1048576K
Event: 433.619 GC heap after
Heap after GC invocations=16 (full 3):
 PSYoungGen      total 267776K, used 20118K [0x00000000d5580000, 0x00000000eae00000, 0x0000000100000000)
  eden space 245760K, 0% used [0x00000000d5580000,0x00000000d5580000,0x00000000e4580000)
  from space 22016K, 91% used [0x00000000e4580000,0x00000000e5925860,0x00000000e5b00000)
  to   space 24576K, 0% used [0x00000000e9600000,0x00000000e9600000,0x00000000eae00000)
 ParOldGen       total 99840K, used 48311K [0x0000000080000000, 0x0000000086180000, 0x00000000d5580000)
  object space 99840K, 48% used [0x0000000080000000,0x0000000082f2df10,0x0000000086180000)
 Metaspace       used 71074K, capacity 74170K, committed 74536K, reserved 1114112K
  class space    used 9537K, capacity 10164K, committed 10288K, reserved 1048576K
}
Event: 437.578 GC heap before
{Heap before GC invocations=17 (full 3):
 PSYoungGen      total 267776K, used 265878K [0x00000000d5580000, 0x00000000eae00000, 0x0000000100000000)
  eden space 245760K, 100% used [0x00000000d5580000,0x00000000e4580000,0x00000000e4580000)
  from space 22016K, 91% used [0x00000000e4580000,0x00000000e5925860,0x00000000e5b00000)
  to   space 24576K, 0% used [0x00000000e9600000,0x00000000e9600000,0x00000000eae00000)
 ParOldGen       total 99840K, used 48311K [0x0000000080000000, 0x0000000086180000, 0x00000000d5580000)
  object space 99840K, 48% used [0x0000000080000000,0x0000000082f2df10,0x0000000086180000)
 Metaspace       used 78303K, capacity 81582K, committed 81832K, reserved 1120256K
  class space    used 10433K, capacity 11098K, committed 11184K, reserved 1048576K
Event: 437.760 GC heap after
Heap after GC invocations=17 (full 3):
 PSYoungGen      total 317440K, used 24566K [0x00000000d5580000, 0x00000000ecf80000, 0x0000000100000000)
  eden space 292864K, 0% used [0x00000000d5580000,0x00000000d5580000,0x00000000e7380000)
  from space 24576K, 99% used [0x00000000e9600000,0x00000000eadfd920,0x00000000eae00000)
  to   space 35328K, 0% used [0x00000000e7380000,0x00000000e7380000,0x00000000e9600000)
 ParOldGen       total 99840K, used 66893K [0x0000000080000000, 0x0000000086180000, 0x00000000d5580000)
  object space 99840K, 67% used [0x0000000080000000,0x00000000841536b8,0x0000000086180000)
 Metaspace       used 78303K, capacity 81582K, committed 81832K, reserved 1120256K
  class space    used 10433K, capacity 11098K, committed 11184K, reserved 1048576K
}
Event: 444.132 GC heap before
{Heap before GC invocations=18 (full 3):
 PSYoungGen      total 317440K, used 313845K [0x00000000d5580000, 0x00000000ecf80000, 0x0000000100000000)
  eden space 292864K, 98% used [0x00000000d5580000,0x00000000e6fffd48,0x00000000e7380000)
  from space 24576K, 99% used [0x00000000e9600000,0x00000000eadfd920,0x00000000eae00000)
  to   space 35328K, 0% used [0x00000000e7380000,0x00000000e7380000,0x00000000e9600000)
 ParOldGen       total 99840K, used 66893K [0x0000000080000000, 0x0000000086180000, 0x00000000d5580000)
  object space 99840K, 67% used [0x0000000080000000,0x00000000841536b8,0x0000000086180000)
 Metaspace       used 87029K, capacity 91270K, committed 91432K, reserved 1128448K
  class space    used 11713K, capacity 12590K, committed 12592K, reserved 1048576K
Event: 444.321 GC heap after
Heap after GC invocations=18 (full 3):
 PSYoungGen      total 328192K, used 35322K [0x00000000d5580000, 0x00000000f3c00000, 0x0000000100000000)
  eden space 292864K, 0% used [0x00000000d5580000,0x00000000d5580000,0x00000000e7380000)
  from space 35328K, 99% used [0x00000000e7380000,0x00000000e95fe9f8,0x00000000e9600000)
  to   space 60928K, 0% used [0x00000000f0080000,0x00000000f0080000,0x00000000f3c00000)
 ParOldGen       total 121344K, used 121156K [0x0000000080000000, 0x0000000087680000, 0x00000000d5580000)
  object space 121344K, 99% used [0x0000000080000000,0x0000000087651338,0x0000000087680000)
 Metaspace       used 87029K, capacity 91270K, committed 91432K, reserved 1128448K
  class space    used 11713K, capacity 12590K, committed 12592K, reserved 1048576K
}
Event: 444.321 GC heap before
{Heap before GC invocations=19 (full 4):
 PSYoungGen      total 328192K, used 35322K [0x00000000d5580000, 0x00000000f3c00000, 0x0000000100000000)
  eden space 292864K, 0% used [0x00000000d5580000,0x00000000d5580000,0x00000000e7380000)
  from space 35328K, 99% used [0x00000000e7380000,0x00000000e95fe9f8,0x00000000e9600000)
  to   space 60928K, 0% used [0x00000000f0080000,0x00000000f0080000,0x00000000f3c00000)
 ParOldGen       total 121344K, used 121156K [0x0000000080000000, 0x0000000087680000, 0x00000000d5580000)
  object space 121344K, 99% used [0x0000000080000000,0x0000000087651338,0x0000000087680000)
 Metaspace       used 87029K, capacity 91270K, committed 91432K, reserved 1128448K
  class space    used 11713K, capacity 12590K, committed 12592K, reserved 1048576K
Event: 445.551 GC heap after
Heap after GC invocations=19 (full 4):
 PSYoungGen      total 328192K, used 506K [0x00000000d5580000, 0x00000000f3c00000, 0x0000000100000000)
  eden space 292864K, 0% used [0x00000000d5580000,0x00000000d5580000,0x00000000e7380000)
  from space 35328K, 1% used [0x00000000e7380000,0x00000000e73fe820,0x00000000e9600000)
  to   space 60928K, 0% used [0x00000000f0080000,0x00000000f0080000,0x00000000f3c00000)
 ParOldGen       total 121344K, used 121074K [0x0000000080000000, 0x0000000087680000, 0x00000000d5580000)
  object space 121344K, 99% used [0x0000000080000000,0x000000008763ca48,0x0000000087680000)
 Metaspace       used 86914K, capacity 90956K, committed 91432K, reserved 1128448K
  class space    used 11675K, capacity 12521K, committed 12592K, reserved 1048576K
}

