# JRE version: OpenJDK Runtime Environment (8.0_242-b01) (build 1.8.0_242-release-1644-b01)
# Java VM: OpenJDK 64-Bit Server VM (25.242-b01 mixed mode windows-amd64 compressed oops)
Heap:
 PSYoungGen      total 282112K, used 1069K [0x00000000d5580000, 0x00000000ecb00000, 0x0000000100000000)
  eden space 249856K, 0% used [0x00000000d5580000,0x00000000d568b418,0x00000000e4980000)
  from space 32256K, 0% used [0x00000000e7e80000,0x00000000e7e80000,0x00000000e9e00000)
  to   space 54272K, 0% used [0x00000000e4980000,0x00000000e4980000,0x00000000e7e80000)
 ParOldGen       total 223744K, used 104435K [0x0000000080000000, 0x000000008da80000, 0x00000000d5580000)
  object space 223744K, 46% used [0x0000000080000000,0x00000000865fceb0,0x000000008da80000)
 Metaspace       used 77992K, capacity 81674K, committed 82216K, reserved 1120256K
  class space    used 10717K, capacity 11472K, committed 11568K, reserved 1048576K
GC Heap History (10 events):
Event: 17.865 GC heap before
{Heap before GC invocations=14 (full 3):
 PSYoungGen      total 191488K, used 15338K [0x00000000d5580000, 0x00000000e5400000, 0x0000000100000000)
  eden space 176128K, 0% used [0x00000000d5580000,0x00000000d5580000,0x00000000e0180000)
  from space 15360K, 99% used [0x00000000e0180000,0x00000000e107abf8,0x00000000e1080000)
  to   space 20992K, 0% used [0x00000000e3f80000,0x00000000e3f80000,0x00000000e5400000)
 ParOldGen       total 73728K, used 29771K [0x0000000080000000, 0x0000000084800000, 0x00000000d5580000)
  object space 73728K, 40% used [0x0000000080000000,0x0000000081d12d88,0x0000000084800000)
 Metaspace       used 57149K, capacity 59062K, committed 59160K, reserved 1099776K
  class space    used 7850K, capacity 8290K, committed 8368K, reserved 1048576K
Event: 18.214 GC heap after
Heap after GC invocations=14 (full 3):
 PSYoungGen      total 191488K, used 0K [0x00000000d5580000, 0x00000000e5400000, 0x0000000100000000)
  eden space 176128K, 0% used [0x00000000d5580000,0x00000000d5580000,0x00000000e0180000)
  from space 15360K, 0% used [0x00000000e0180000,0x00000000e0180000,0x00000000e1080000)
  to   space 20992K, 0% used [0x00000000e3f80000,0x00000000e3f80000,0x00000000e5400000)
 ParOldGen       total 111104K, used 36221K [0x0000000080000000, 0x0000000086c80000, 0x00000000d5580000)
  object space 111104K, 32% used [0x0000000080000000,0x000000008235f6e8,0x0000000086c80000)
 Metaspace       used 57144K, capacity 59044K, committed 59160K, reserved 1099776K
  class space    used 7849K, capacity 8287K, committed 8368K, reserved 1048576K
}
Event: 22.857 GC heap before
{Heap before GC invocations=15 (full 3):
 PSYoungGen      total 191488K, used 176128K [0x00000000d5580000, 0x00000000e5400000, 0x0000000100000000)
  eden space 176128K, 100% used [0x00000000d5580000,0x00000000e0180000,0x00000000e0180000)
  from space 15360K, 0% used [0x00000000e0180000,0x00000000e0180000,0x00000000e1080000)
  to   space 20992K, 0% used [0x00000000e3f80000,0x00000000e3f80000,0x00000000e5400000)
 ParOldGen       total 111104K, used 36221K [0x0000000080000000, 0x0000000086c80000, 0x00000000d5580000)
  object space 111104K, 32% used [0x0000000080000000,0x000000008235f6e8,0x0000000086c80000)
 Metaspace       used 62964K, capacity 65772K, committed 65832K, reserved 1105920K
  class space    used 8709K, capacity 9263K, committed 9264K, reserved 1048576K
Event: 22.901 GC heap after
Heap after GC invocations=15 (full 3):
 PSYoungGen      total 238080K, used 17555K [0x00000000d5580000, 0x00000000e5980000, 0x0000000100000000)
  eden space 217088K, 0% used [0x00000000d5580000,0x00000000d5580000,0x00000000e2980000)
  from space 20992K, 83% used [0x00000000e3f80000,0x00000000e50a4f58,0x00000000e5400000)
  to   space 22528K, 0% used [0x00000000e2980000,0x00000000e2980000,0x00000000e3f80000)
 ParOldGen       total 111104K, used 36229K [0x0000000080000000, 0x0000000086c80000, 0x00000000d5580000)
  object space 111104K, 32% used [0x0000000080000000,0x00000000823616e8,0x0000000086c80000)
 Metaspace       used 62964K, capacity 65772K, committed 65832K, reserved 1105920K
  class space    used 8709K, capacity 9263K, committed 9264K, reserved 1048576K
}
Event: 26.275 GC heap before
{Heap before GC invocations=16 (full 3):
 PSYoungGen      total 238080K, used 234643K [0x00000000d5580000, 0x00000000e5980000, 0x0000000100000000)
  eden space 217088K, 100% used [0x00000000d5580000,0x00000000e2980000,0x00000000e2980000)
  from space 20992K, 83% used [0x00000000e3f80000,0x00000000e50a4f58,0x00000000e5400000)
  to   space 22528K, 0% used [0x00000000e2980000,0x00000000e2980000,0x00000000e3f80000)
 ParOldGen       total 111104K, used 36229K [0x0000000080000000, 0x0000000086c80000, 0x00000000d5580000)
  object space 111104K, 32% used [0x0000000080000000,0x00000000823616e8,0x0000000086c80000)
 Metaspace       used 68623K, capacity 71554K, committed 71720K, reserved 1112064K
  class space    used 9330K, capacity 9942K, committed 10032K, reserved 1048576K
Event: 26.372 GC heap after
Heap after GC invocations=16 (full 3):
 PSYoungGen      total 239616K, used 22527K [0x00000000d5580000, 0x00000000e9e00000, 0x0000000100000000)
  eden space 217088K, 0% used [0x00000000d5580000,0x00000000d5580000,0x00000000e2980000)
  from space 22528K, 99% used [0x00000000e2980000,0x00000000e3f7ff68,0x00000000e3f80000)
  to   space 32256K, 0% used [0x00000000e7e80000,0x00000000e7e80000,0x00000000e9e00000)
 ParOldGen       total 111104K, used 52538K [0x0000000080000000, 0x0000000086c80000, 0x00000000d5580000)
  object space 111104K, 47% used [0x0000000080000000,0x000000008334ea48,0x0000000086c80000)
 Metaspace       used 68623K, capacity 71554K, committed 71720K, reserved 1112064K
  class space    used 9330K, capacity 9942K, committed 10032K, reserved 1048576K
}
Event: 31.481 GC heap before
{Heap before GC invocations=17 (full 3):
 PSYoungGen      total 239616K, used 239615K [0x00000000d5580000, 0x00000000e9e00000, 0x0000000100000000)
  eden space 217088K, 100% used [0x00000000d5580000,0x00000000e2980000,0x00000000e2980000)
  from space 22528K, 99% used [0x00000000e2980000,0x00000000e3f7ff68,0x00000000e3f80000)
  to   space 32256K, 0% used [0x00000000e7e80000,0x00000000e7e80000,0x00000000e9e00000)
 ParOldGen       total 111104K, used 52538K [0x0000000080000000, 0x0000000086c80000, 0x00000000d5580000)
  object space 111104K, 47% used [0x0000000080000000,0x000000008334ea48,0x0000000086c80000)
 Metaspace       used 78133K, capacity 82074K, committed 82216K, reserved 1120256K
  class space    used 10761K, capacity 11550K, committed 11568K, reserved 1048576K
Event: 31.682 GC heap after
Heap after GC invocations=17 (full 3):
 PSYoungGen      total 282112K, used 32235K [0x00000000d5580000, 0x00000000ecb00000, 0x0000000100000000)
  eden space 249856K, 0% used [0x00000000d5580000,0x00000000d5580000,0x00000000e4980000)
  from space 32256K, 99% used [0x00000000e7e80000,0x00000000e9dfafe8,0x00000000e9e00000)
  to   space 54272K, 0% used [0x00000000e4980000,0x00000000e4980000,0x00000000e7e80000)
 ParOldGen       total 111104K, used 98170K [0x0000000080000000, 0x0000000086c80000, 0x00000000d5580000)
  object space 111104K, 88% used [0x0000000080000000,0x0000000085fde9d8,0x0000000086c80000)
 Metaspace       used 78133K, capacity 82074K, committed 82216K, reserved 1120256K
  class space    used 10761K, capacity 11550K, committed 11568K, reserved 1048576K
}
Event: 31.682 GC heap before
{Heap before GC invocations=18 (full 4):
 PSYoungGen      total 282112K, used 32235K [0x00000000d5580000, 0x00000000ecb00000, 0x0000000100000000)
  eden space 249856K, 0% used [0x00000000d5580000,0x00000000d5580000,0x00000000e4980000)
  from space 32256K, 99% used [0x00000000e7e80000,0x00000000e9dfafe8,0x00000000e9e00000)
  to   space 54272K, 0% used [0x00000000e4980000,0x00000000e4980000,0x00000000e7e80000)
 ParOldGen       total 111104K, used 98170K [0x0000000080000000, 0x0000000086c80000, 0x00000000d5580000)
  object space 111104K, 88% used [0x0000000080000000,0x0000000085fde9d8,0x0000000086c80000)
 Metaspace       used 78133K, capacity 82074K, committed 82216K, reserved 1120256K
  class space    used 10761K, capacity 11550K, committed 11568K, reserved 1048576K
Event: 32.514 GC heap after
Heap after GC invocations=18 (full 4):
 PSYoungGen      total 282112K, used 0K [0x00000000d5580000, 0x00000000ecb00000, 0x0000000100000000)
  eden space 249856K, 0% used [0x00000000d5580000,0x00000000d5580000,0x00000000e4980000)
  from space 32256K, 0% used [0x00000000e7e80000,0x00000000e7e80000,0x00000000e9e00000)
  to   space 54272K, 0% used [0x00000000e4980000,0x00000000e4980000,0x00000000e7e80000)
 ParOldGen       total 223744K, used 104435K [0x0000000080000000, 0x000000008da80000, 0x00000000d5580000)
  object space 223744K, 46% used [0x0000000080000000,0x00000000865fceb0,0x000000008da80000)
 Metaspace       used 77992K, capacity 81674K, committed 82216K, reserved 1120256K
  class space    used 10717K, capacity 11472K, committed 11568K, reserved 1048576K
}

