# JRE version: OpenJDK Runtime Environment (8.0_242-b01) (build 1.8.0_242-release-1644-b01)
# Java VM: OpenJDK 64-Bit Server VM (25.242-b01 mixed mode windows-amd64 compressed oops)
Heap:
 PSYoungGen      total 377856K, used 114302K [0x00000000d5580000, 0x00000000ef280000, 0x0000000100000000)
  eden space 353792K, 32% used [0x00000000d5580000,0x00000000dc51f898,0x00000000eaf00000)
  from space 24064K, 0% used [0x00000000eaf00000,0x00000000eaf00000,0x00000000ec680000)
  to   space 15360K, 0% used [0x00000000ec680000,0x00000000ec680000,0x00000000ed580000)
 ParOldGen       total 87552K, used 28564K [0x0000000080000000, 0x0000000085580000, 0x00000000d5580000)
  object space 87552K, 32% used [0x0000000080000000,0x0000000081be5158,0x0000000085580000)
 Metaspace       used 60801K, capacity 63237K, committed 63528K, reserved 1103872K
  class space    used 8359K, capacity 8888K, committed 9008K, reserved 1048576K
GC Heap History (10 events):
Event: 10.623 GC heap before
{Heap before GC invocations=8 (full 1):
 PSYoungGen      total 232960K, used 67089K [0x00000000d5580000, 0x00000000e6f80000, 0x0000000100000000)
  eden space 219648K, 24% used [0x00000000d5580000,0x00000000d8a0b848,0x00000000e2c00000)
  from space 13312K, 99% used [0x00000000e6280000,0x00000000e6f78cd8,0x00000000e6f80000)
  to   space 15872K, 0% used [0x00000000e5080000,0x00000000e5080000,0x00000000e6000000)
 ParOldGen       total 57856K, used 7281K [0x0000000080000000, 0x0000000083880000, 0x00000000d5580000)
  object space 57856K, 12% used [0x0000000080000000,0x000000008071c748,0x0000000083880000)
 Metaspace       used 34579K, capacity 35426K, committed 35496K, reserved 1079296K
  class space    used 4748K, capacity 4976K, committed 5040K, reserved 1048576K
Event: 10.641 GC heap after
Heap after GC invocations=8 (full 1):
 PSYoungGen      total 272896K, used 9161K [0x00000000d5580000, 0x00000000ed580000, 0x0000000100000000)
  eden space 257024K, 0% used [0x00000000d5580000,0x00000000d5580000,0x00000000e5080000)
  from space 15872K, 57% used [0x00000000e5080000,0x00000000e59724f8,0x00000000e6000000)
  to   space 15360K, 0% used [0x00000000ec680000,0x00000000ec680000,0x00000000ed580000)
 ParOldGen       total 57856K, used 7289K [0x0000000080000000, 0x0000000083880000, 0x00000000d5580000)
  object space 57856K, 12% used [0x0000000080000000,0x000000008071e748,0x0000000083880000)
 Metaspace       used 34579K, capacity 35426K, committed 35496K, reserved 1079296K
  class space    used 4748K, capacity 4976K, committed 5040K, reserved 1048576K
}
Event: 10.641 GC heap before
{Heap before GC invocations=9 (full 2):
 PSYoungGen      total 272896K, used 9161K [0x00000000d5580000, 0x00000000ed580000, 0x0000000100000000)
  eden space 257024K, 0% used [0x00000000d5580000,0x00000000d5580000,0x00000000e5080000)
  from space 15872K, 57% used [0x00000000e5080000,0x00000000e59724f8,0x00000000e6000000)
  to   space 15360K, 0% used [0x00000000ec680000,0x00000000ec680000,0x00000000ed580000)
 ParOldGen       total 57856K, used 7289K [0x0000000080000000, 0x0000000083880000, 0x00000000d5580000)
  object space 57856K, 12% used [0x0000000080000000,0x000000008071e748,0x0000000083880000)
 Metaspace       used 34579K, capacity 35426K, committed 35496K, reserved 1079296K
  class space    used 4748K, capacity 4976K, committed 5040K, reserved 1048576K
Event: 10.801 GC heap after
Heap after GC invocations=9 (full 2):
 PSYoungGen      total 272896K, used 0K [0x00000000d5580000, 0x00000000ed580000, 0x0000000100000000)
  eden space 257024K, 0% used [0x00000000d5580000,0x00000000d5580000,0x00000000e5080000)
  from space 15872K, 0% used [0x00000000e5080000,0x00000000e5080000,0x00000000e6000000)
  to   space 15360K, 0% used [0x00000000ec680000,0x00000000ec680000,0x00000000ed580000)
 ParOldGen       total 87552K, used 15716K [0x0000000080000000, 0x0000000085580000, 0x00000000d5580000)
  object space 87552K, 17% used [0x0000000080000000,0x0000000080f590d8,0x0000000085580000)
 Metaspace       used 34579K, capacity 35426K, committed 35496K, reserved 1079296K
  class space    used 4748K, capacity 4976K, committed 5040K, reserved 1048576K
}
Event: 19.737 GC heap before
{Heap before GC invocations=10 (full 2):
 PSYoungGen      total 272896K, used 257024K [0x00000000d5580000, 0x00000000ed580000, 0x0000000100000000)
  eden space 257024K, 100% used [0x00000000d5580000,0x00000000e5080000,0x00000000e5080000)
  from space 15872K, 0% used [0x00000000e5080000,0x00000000e5080000,0x00000000e6000000)
  to   space 15360K, 0% used [0x00000000ec680000,0x00000000ec680000,0x00000000ed580000)
 ParOldGen       total 87552K, used 15716K [0x0000000080000000, 0x0000000085580000, 0x00000000d5580000)
  object space 87552K, 17% used [0x0000000080000000,0x0000000080f590d8,0x0000000085580000)
 Metaspace       used 55926K, capacity 57878K, committed 58152K, reserved 1099776K
  class space    used 7676K, capacity 8134K, committed 8240K, reserved 1048576K
Event: 19.807 GC heap after
Heap after GC invocations=10 (full 2):
 PSYoungGen      total 369152K, used 15357K [0x00000000d5580000, 0x00000000ef280000, 0x0000000100000000)
  eden space 353792K, 0% used [0x00000000d5580000,0x00000000d5580000,0x00000000eaf00000)
  from space 15360K, 99% used [0x00000000ec680000,0x00000000ed57f570,0x00000000ed580000)
  to   space 24064K, 0% used [0x00000000eaf00000,0x00000000eaf00000,0x00000000ec680000)
 ParOldGen       total 87552K, used 29736K [0x0000000080000000, 0x0000000085580000, 0x00000000d5580000)
  object space 87552K, 33% used [0x0000000080000000,0x0000000081d0a020,0x0000000085580000)
 Metaspace       used 55926K, capacity 57878K, committed 58152K, reserved 1099776K
  class space    used 7676K, capacity 8134K, committed 8240K, reserved 1048576K
}
Event: 20.221 GC heap before
{Heap before GC invocations=11 (full 2):
 PSYoungGen      total 369152K, used 33800K [0x00000000d5580000, 0x00000000ef280000, 0x0000000100000000)
  eden space 353792K, 5% used [0x00000000d5580000,0x00000000d6782dc0,0x00000000eaf00000)
  from space 15360K, 99% used [0x00000000ec680000,0x00000000ed57f570,0x00000000ed580000)
  to   space 24064K, 0% used [0x00000000eaf00000,0x00000000eaf00000,0x00000000ec680000)
 ParOldGen       total 87552K, used 29736K [0x0000000080000000, 0x0000000085580000, 0x00000000d5580000)
  object space 87552K, 33% used [0x0000000080000000,0x0000000081d0a020,0x0000000085580000)
 Metaspace       used 57059K, capacity 59075K, committed 59160K, reserved 1099776K
  class space    used 7833K, capacity 8283K, committed 8368K, reserved 1048576K
Event: 20.260 GC heap after
Heap after GC invocations=11 (full 2):
 PSYoungGen      total 377856K, used 15965K [0x00000000d5580000, 0x00000000ef280000, 0x0000000100000000)
  eden space 353792K, 0% used [0x00000000d5580000,0x00000000d5580000,0x00000000eaf00000)
  from space 24064K, 66% used [0x00000000eaf00000,0x00000000ebe975c8,0x00000000ec680000)
  to   space 15360K, 0% used [0x00000000ec680000,0x00000000ec680000,0x00000000ed580000)
 ParOldGen       total 87552K, used 29744K [0x0000000080000000, 0x0000000085580000, 0x00000000d5580000)
  object space 87552K, 33% used [0x0000000080000000,0x0000000081d0c020,0x0000000085580000)
 Metaspace       used 57059K, capacity 59075K, committed 59160K, reserved 1099776K
  class space    used 7833K, capacity 8283K, committed 8368K, reserved 1048576K
}
Event: 20.260 GC heap before
{Heap before GC invocations=12 (full 3):
 PSYoungGen      total 377856K, used 15965K [0x00000000d5580000, 0x00000000ef280000, 0x0000000100000000)
  eden space 353792K, 0% used [0x00000000d5580000,0x00000000d5580000,0x00000000eaf00000)
  from space 24064K, 66% used [0x00000000eaf00000,0x00000000ebe975c8,0x00000000ec680000)
  to   space 15360K, 0% used [0x00000000ec680000,0x00000000ec680000,0x00000000ed580000)
 ParOldGen       total 87552K, used 29744K [0x0000000080000000, 0x0000000085580000, 0x00000000d5580000)
  object space 87552K, 33% used [0x0000000080000000,0x0000000081d0c020,0x0000000085580000)
 Metaspace       used 57059K, capacity 59075K, committed 59160K, reserved 1099776K
  class space    used 7833K, capacity 8283K, committed 8368K, reserved 1048576K
Event: 20.702 GC heap after
Heap after GC invocations=12 (full 3):
 PSYoungGen      total 377856K, used 0K [0x00000000d5580000, 0x00000000ef280000, 0x0000000100000000)
  eden space 353792K, 0% used [0x00000000d5580000,0x00000000d5580000,0x00000000eaf00000)
  from space 24064K, 0% used [0x00000000eaf00000,0x00000000eaf00000,0x00000000ec680000)
  to   space 15360K, 0% used [0x00000000ec680000,0x00000000ec680000,0x00000000ed580000)
 ParOldGen       total 87552K, used 28564K [0x0000000080000000, 0x0000000085580000, 0x00000000d5580000)
  object space 87552K, 32% used [0x0000000080000000,0x0000000081be5158,0x0000000085580000)
 Metaspace       used 57046K, capacity 59033K, committed 59160K, reserved 1099776K
  class space    used 7829K, capacity 8276K, committed 8368K, reserved 1048576K
}

