# JRE version: OpenJDK Runtime Environment (8.0_242-b01) (build 1.8.0_242-release-1644-b01)
# Java VM: OpenJDK 64-Bit Server VM (25.242-b01 mixed mode windows-amd64 compressed oops)
Heap:
 PSYoungGen      total 311808K, used 229939K [0x00000000d5580000, 0x00000000ee500000, 0x0000000100000000)
  eden space 278528K, 79% used [0x00000000d5580000,0x00000000e2e11ed8,0x00000000e6580000)
  from space 33280K, 24% used [0x00000000e9880000,0x00000000ea07af10,0x00000000eb900000)
  to   space 52224K, 0% used [0x00000000e6580000,0x00000000e6580000,0x00000000e9880000)
 ParOldGen       total 207872K, used 102589K [0x0000000080000000, 0x000000008cb00000, 0x00000000d5580000)
  object space 207872K, 49% used [0x0000000080000000,0x000000008642f740,0x000000008cb00000)
 Metaspace       used 83866K, capacity 87704K, committed 87848K, reserved 1126400K
  class space    used 11547K, capacity 12317K, committed 12336K, reserved 1048576K
GC Heap History (10 events):
Event: 18.447 GC heap before
{Heap before GC invocations=14 (full 3):
 PSYoungGen      total 192000K, used 15329K [0x00000000d5580000, 0x00000000e6c00000, 0x0000000100000000)
  eden space 176640K, 0% used [0x00000000d5580000,0x00000000d5580000,0x00000000e0200000)
  from space 15360K, 99% used [0x00000000e0200000,0x00000000e10f8530,0x00000000e1100000)
  to   space 20992K, 0% used [0x00000000e5780000,0x00000000e5780000,0x00000000e6c00000)
 ParOldGen       total 69632K, used 29396K [0x0000000080000000, 0x0000000084400000, 0x00000000d5580000)
  object space 69632K, 42% used [0x0000000080000000,0x0000000081cb51e0,0x0000000084400000)
 Metaspace       used 57163K, capacity 59114K, committed 59160K, reserved 1099776K
  class space    used 7856K, capacity 8324K, committed 8368K, reserved 1048576K
Event: 18.802 GC heap after
Heap after GC invocations=14 (full 3):
 PSYoungGen      total 192000K, used 0K [0x00000000d5580000, 0x00000000e6c00000, 0x0000000100000000)
  eden space 176640K, 0% used [0x00000000d5580000,0x00000000d5580000,0x00000000e0200000)
  from space 15360K, 0% used [0x00000000e0200000,0x00000000e0200000,0x00000000e1100000)
  to   space 20992K, 0% used [0x00000000e5780000,0x00000000e5780000,0x00000000e6c00000)
 ParOldGen       total 102912K, used 36370K [0x0000000080000000, 0x0000000086480000, 0x00000000d5580000)
  object space 102912K, 35% used [0x0000000080000000,0x0000000082384b38,0x0000000086480000)
 Metaspace       used 57150K, capacity 59072K, committed 59160K, reserved 1099776K
  class space    used 7852K, capacity 8317K, committed 8368K, reserved 1048576K
}
Event: 24.230 GC heap before
{Heap before GC invocations=15 (full 3):
 PSYoungGen      total 192000K, used 176640K [0x00000000d5580000, 0x00000000e6c00000, 0x0000000100000000)
  eden space 176640K, 100% used [0x00000000d5580000,0x00000000e0200000,0x00000000e0200000)
  from space 15360K, 0% used [0x00000000e0200000,0x00000000e0200000,0x00000000e1100000)
  to   space 20992K, 0% used [0x00000000e5780000,0x00000000e5780000,0x00000000e6c00000)
 ParOldGen       total 102912K, used 36370K [0x0000000080000000, 0x0000000086480000, 0x00000000d5580000)
  object space 102912K, 35% used [0x0000000080000000,0x0000000082384b38,0x0000000086480000)
 Metaspace       used 63226K, capacity 66022K, committed 66216K, reserved 1105920K
  class space    used 8750K, capacity 9342K, committed 9392K, reserved 1048576K
Event: 24.281 GC heap after
Heap after GC invocations=15 (full 3):
 PSYoungGen      total 248832K, used 17876K [0x00000000d5580000, 0x00000000e6900000, 0x0000000100000000)
  eden space 230912K, 0% used [0x00000000d5580000,0x00000000d5580000,0x00000000e3700000)
  from space 17920K, 99% used [0x00000000e5780000,0x00000000e68f53e8,0x00000000e6900000)
  to   space 23040K, 0% used [0x00000000e3c00000,0x00000000e3c00000,0x00000000e5280000)
 ParOldGen       total 102912K, used 36378K [0x0000000080000000, 0x0000000086480000, 0x00000000d5580000)
  object space 102912K, 35% used [0x0000000080000000,0x0000000082386b38,0x0000000086480000)
 Metaspace       used 63226K, capacity 66022K, committed 66216K, reserved 1105920K
  class space    used 8750K, capacity 9342K, committed 9392K, reserved 1048576K
}
Event: 29.202 GC heap before
{Heap before GC invocations=16 (full 3):
 PSYoungGen      total 248832K, used 248788K [0x00000000d5580000, 0x00000000e6900000, 0x0000000100000000)
  eden space 230912K, 100% used [0x00000000d5580000,0x00000000e3700000,0x00000000e3700000)
  from space 17920K, 99% used [0x00000000e5780000,0x00000000e68f53e8,0x00000000e6900000)
  to   space 23040K, 0% used [0x00000000e3c00000,0x00000000e3c00000,0x00000000e5280000)
 ParOldGen       total 102912K, used 36378K [0x0000000080000000, 0x0000000086480000, 0x00000000d5580000)
  object space 102912K, 35% used [0x0000000080000000,0x0000000082386b38,0x0000000086480000)
 Metaspace       used 68800K, capacity 71698K, committed 71976K, reserved 1112064K
  class space    used 9367K, capacity 9990K, committed 10032K, reserved 1048576K
Event: 29.282 GC heap after
Heap after GC invocations=16 (full 3):
 PSYoungGen      total 259072K, used 23024K [0x00000000d5580000, 0x00000000eb900000, 0x0000000100000000)
  eden space 236032K, 0% used [0x00000000d5580000,0x00000000d5580000,0x00000000e3c00000)
  from space 23040K, 99% used [0x00000000e3c00000,0x00000000e527c2a8,0x00000000e5280000)
  to   space 33280K, 0% used [0x00000000e9880000,0x00000000e9880000,0x00000000eb900000)
 ParOldGen       total 102912K, used 55270K [0x0000000080000000, 0x0000000086480000, 0x00000000d5580000)
  object space 102912K, 53% used [0x0000000080000000,0x00000000835f99e8,0x0000000086480000)
 Metaspace       used 68800K, capacity 71698K, committed 71976K, reserved 1112064K
  class space    used 9367K, capacity 9990K, committed 10032K, reserved 1048576K
}
Event: 35.159 GC heap before
{Heap before GC invocations=17 (full 3):
 PSYoungGen      total 259072K, used 259056K [0x00000000d5580000, 0x00000000eb900000, 0x0000000100000000)
  eden space 236032K, 100% used [0x00000000d5580000,0x00000000e3c00000,0x00000000e3c00000)
  from space 23040K, 99% used [0x00000000e3c00000,0x00000000e527c2a8,0x00000000e5280000)
  to   space 33280K, 0% used [0x00000000e9880000,0x00000000e9880000,0x00000000eb900000)
 ParOldGen       total 102912K, used 55270K [0x0000000080000000, 0x0000000086480000, 0x00000000d5580000)
  object space 102912K, 53% used [0x0000000080000000,0x00000000835f99e8,0x0000000086480000)
 Metaspace       used 78155K, capacity 82002K, committed 82216K, reserved 1120256K
  class space    used 10765K, capacity 11548K, committed 11568K, reserved 1048576K
Event: 35.325 GC heap after
Heap after GC invocations=17 (full 3):
 PSYoungGen      total 311808K, used 33269K [0x00000000d5580000, 0x00000000ee500000, 0x0000000100000000)
  eden space 278528K, 0% used [0x00000000d5580000,0x00000000d5580000,0x00000000e6580000)
  from space 33280K, 99% used [0x00000000e9880000,0x00000000eb8fd6e8,0x00000000eb900000)
  to   space 52224K, 0% used [0x00000000e6580000,0x00000000e6580000,0x00000000e9880000)
 ParOldGen       total 102912K, used 92457K [0x0000000080000000, 0x0000000086480000, 0x00000000d5580000)
  object space 102912K, 89% used [0x0000000080000000,0x0000000085a4a750,0x0000000086480000)
 Metaspace       used 78155K, capacity 82002K, committed 82216K, reserved 1120256K
  class space    used 10765K, capacity 11548K, committed 11568K, reserved 1048576K
}
Event: 35.325 GC heap before
{Heap before GC invocations=18 (full 4):
 PSYoungGen      total 311808K, used 33269K [0x00000000d5580000, 0x00000000ee500000, 0x0000000100000000)
  eden space 278528K, 0% used [0x00000000d5580000,0x00000000d5580000,0x00000000e6580000)
  from space 33280K, 99% used [0x00000000e9880000,0x00000000eb8fd6e8,0x00000000eb900000)
  to   space 52224K, 0% used [0x00000000e6580000,0x00000000e6580000,0x00000000e9880000)
 ParOldGen       total 102912K, used 92457K [0x0000000080000000, 0x0000000086480000, 0x00000000d5580000)
  object space 102912K, 89% used [0x0000000080000000,0x0000000085a4a750,0x0000000086480000)
 Metaspace       used 78155K, capacity 82002K, committed 82216K, reserved 1120256K
  class space    used 10765K, capacity 11548K, committed 11568K, reserved 1048576K
Event: 36.385 GC heap after
Heap after GC invocations=18 (full 4):
 PSYoungGen      total 311808K, used 8171K [0x00000000d5580000, 0x00000000ee500000, 0x0000000100000000)
  eden space 278528K, 0% used [0x00000000d5580000,0x00000000d5580000,0x00000000e6580000)
  from space 33280K, 24% used [0x00000000e9880000,0x00000000ea07af10,0x00000000eb900000)
  to   space 52224K, 0% used [0x00000000e6580000,0x00000000e6580000,0x00000000e9880000)
 ParOldGen       total 207872K, used 102589K [0x0000000080000000, 0x000000008cb00000, 0x00000000d5580000)
  object space 207872K, 49% used [0x0000000080000000,0x000000008642f740,0x000000008cb00000)
 Metaspace       used 78027K, capacity 81650K, committed 82216K, reserved 1120256K
  class space    used 10723K, capacity 11472K, committed 11568K, reserved 1048576K
}

